<?xml version="1.0" encoding="UTF-8"?>
<testng-results ignored="0" total="3" passed="2" failed="1" skipped="0">
  <reporter-output>
  </reporter-output>
  <suite started-at="2024-10-18T11:17:57 IST" name="Suite" finished-at="2024-10-18T11:20:51 IST" duration-ms="174395">
    <groups>
    </groups>
    <test started-at="2024-10-18T11:17:57 IST" name="Test_Scenario_2" finished-at="2024-10-18T11:18:43 IST" duration-ms="46334">
      <class name="testcases.TestScenario1_LTAdvanced_Certification">
        <test-method is-config="true" signature="setup(java.lang.String)[pri:0, instance:testcases.TestScenario1_LTAdvanced_Certification@39b43d60]" started-at="2024-10-18T11:17:57 IST" name="setup" finished-at="2024-10-18T11:18:08 IST" duration-ms="11333" status="PASS">
          <params>
            <param index="0">
              <value>
                <![CDATA[firefox]]>
              </value>
            </param>
          </params>
          <reporter-output>
          </reporter-output>
        </test-method> <!-- setup -->
        <test-method signature="lambdaTest_AdvancedCertification()[pri:0, instance:testcases.TestScenario1_LTAdvanced_Certification@39b43d60]" started-at="2024-10-18T11:18:08 IST" name="lambdaTest_AdvancedCertification" finished-at="2024-10-18T11:18:42 IST" duration-ms="33943" status="FAIL">
          <exception class="java.lang.AssertionError">
            <message>
              <![CDATA[expected [https://community.lambdatest.com/] but found [https://www.lambdatest.com/blog/]]]>
            </message>
            <full-stacktrace>
              <![CDATA[java.lang.AssertionError: expected [https://community.lambdatest.com/] but found [https://www.lambdatest.com/blog/]
at org.testng.Assert.fail(Assert.java:110)
at org.testng.Assert.failNotEquals(Assert.java:1577)
at org.testng.Assert.assertEqualsImpl(Assert.java:149)
at org.testng.Assert.assertEquals(Assert.java:131)
at org.testng.Assert.assertEquals(Assert.java:655)
at org.testng.Assert.assertEquals(Assert.java:665)
at pageclasses.CommunityPage.validateTitle_inCommunityPage(CommunityPage.java:37)
at testcases.TestScenario1_LTAdvanced_Certification.lambdaTest_AdvancedCertification(TestScenario1_LTAdvanced_Certification.java:52)
at java.base/jdk.internal.reflect.DirectMethodHandleAccessor.invoke(DirectMethodHandleAccessor.java:103)
at java.base/java.lang.reflect.Method.invoke(Method.java:580)
at org.testng.internal.invokers.MethodInvocationHelper.invokeMethod(MethodInvocationHelper.java:139)
at org.testng.internal.invokers.TestInvoker.invokeMethod(TestInvoker.java:677)
at org.testng.internal.invokers.TestInvoker.invokeTestMethod(TestInvoker.java:221)
at org.testng.internal.invokers.MethodRunner.runInSequence(MethodRunner.java:50)
at org.testng.internal.invokers.TestInvoker$MethodInvocationAgent.invoke(TestInvoker.java:969)
at org.testng.internal.invokers.TestInvoker.invokeTestMethods(TestInvoker.java:194)
at org.testng.internal.invokers.TestMethodWorker.invokeTestMethods(TestMethodWorker.java:148)
at org.testng.internal.invokers.TestMethodWorker.run(TestMethodWorker.java:128)
at java.base/java.util.ArrayList.forEach(ArrayList.java:1597)
at org.testng.TestRunner.privateRun(TestRunner.java:829)
at org.testng.TestRunner.run(TestRunner.java:602)
at org.testng.SuiteRunner.runTest(SuiteRunner.java:437)
at org.testng.SuiteRunner$SuiteWorker.run(SuiteRunner.java:475)
at org.testng.internal.thread.ThreadUtil.lambda$execute$0(ThreadUtil.java:58)
at java.base/java.util.concurrent.FutureTask.run(FutureTask.java:317)
at java.base/java.util.concurrent.ThreadPoolExecutor.runWorker(ThreadPoolExecutor.java:1144)
at java.base/java.util.concurrent.ThreadPoolExecutor$Worker.run(ThreadPoolExecutor.java:642)
at java.base/java.lang.Thread.run(Thread.java:1575)
]]>
            </full-stacktrace>
          </exception> <!-- java.lang.AssertionError -->
          <reporter-output>
          </reporter-output>
        </test-method> <!-- lambdaTest_AdvancedCertification -->
        <test-method is-config="true" signature="teardown()[pri:0, instance:testcases.TestScenario1_LTAdvanced_Certification@39b43d60]" started-at="2024-10-18T11:18:42 IST" name="teardown" finished-at="2024-10-18T11:18:43 IST" duration-ms="1000" status="PASS">
          <reporter-output>
          </reporter-output>
        </test-method> <!-- teardown -->
      </class> <!-- testcases.TestScenario1_LTAdvanced_Certification -->
    </test> <!-- Test_Scenario_2 -->
    <test started-at="2024-10-18T11:17:57 IST" name="Test_Scenario_1" finished-at="2024-10-18T11:19:06 IST" duration-ms="68800">
      <class name="testcases.TestScenario1_LTAdvanced_Certification">
        <test-method is-config="true" signature="setup(java.lang.String)[pri:0, instance:testcases.TestScenario1_LTAdvanced_Certification@54e041a4]" started-at="2024-10-18T11:17:57 IST" name="setup" finished-at="2024-10-18T11:18:18 IST" duration-ms="20761" status="PASS">
          <params>
            <param index="0">
              <value>
                <![CDATA[chrome]]>
              </value>
            </param>
          </params>
          <reporter-output>
          </reporter-output>
        </test-method> <!-- setup -->
        <test-method signature="lambdaTest_AdvancedCertification()[pri:0, instance:testcases.TestScenario1_LTAdvanced_Certification@54e041a4]" started-at="2024-10-18T11:18:18 IST" name="lambdaTest_AdvancedCertification" finished-at="2024-10-18T11:19:05 IST" duration-ms="47382" status="PASS">
          <reporter-output>
          </reporter-output>
        </test-method> <!-- lambdaTest_AdvancedCertification -->
        <test-method is-config="true" signature="teardown()[pri:0, instance:testcases.TestScenario1_LTAdvanced_Certification@54e041a4]" started-at="2024-10-18T11:19:05 IST" name="teardown" finished-at="2024-10-18T11:19:06 IST" duration-ms="633" status="PASS">
          <reporter-output>
          </reporter-output>
        </test-method> <!-- teardown -->
      </class> <!-- testcases.TestScenario1_LTAdvanced_Certification -->
    </test> <!-- Test_Scenario_1 -->
    <test started-at="2024-10-18T11:17:57 IST" name="Test_Scenario_3" finished-at="2024-10-18T11:20:51 IST" duration-ms="174395">
      <class name="testcases.TestScenario1_LTAdvanced_Certification">
        <test-method is-config="true" signature="setup(java.lang.String)[pri:0, instance:testcases.TestScenario1_LTAdvanced_Certification@72ef8d15]" started-at="2024-10-18T11:17:57 IST" name="setup" finished-at="2024-10-18T11:19:07 IST" duration-ms="70526" status="PASS">
          <params>
            <param index="0">
              <value>
                <![CDATA[edge]]>
              </value>
            </param>
          </params>
          <reporter-output>
          </reporter-output>
        </test-method> <!-- setup -->
        <test-method signature="lambdaTest_AdvancedCertification()[pri:0, instance:testcases.TestScenario1_LTAdvanced_Certification@72ef8d15]" started-at="2024-10-18T11:19:07 IST" name="lambdaTest_AdvancedCertification" finished-at="2024-10-18T11:19:51 IST" duration-ms="43565" status="PASS">
          <reporter-output>
          </reporter-output>
        </test-method> <!-- lambdaTest_AdvancedCertification -->
        <test-method is-config="true" signature="teardown()[pri:0, instance:testcases.TestScenario1_LTAdvanced_Certification@72ef8d15]" started-at="2024-10-18T11:19:51 IST" name="teardown" finished-at="2024-10-18T11:20:51 IST" duration-ms="60280" status="PASS">
          <reporter-output>
          </reporter-output>
        </test-method> <!-- teardown -->
      </class> <!-- testcases.TestScenario1_LTAdvanced_Certification -->
    </test> <!-- Test_Scenario_3 -->
  </suite> <!-- Suite -->
</testng-results>
